-------------------------------------------------------------------------------
Test set: com.twinzom.apex.apis.ApplicationTests
-------------------------------------------------------------------------------
Tests run: 1, Failures: 0, Errors: 1, Skipped: 0, Time elapsed: 0.247 s <<< FAILURE! - in com.twinzom.apex.apis.ApplicationTests
initializationError(com.twinzom.apex.apis.ApplicationTests)  Time elapsed: 0.006 s  <<< ERROR!
java.lang.Exception: No runnable methods

