-------------------------------------------------------------------------------
Test set: com.twinzom.apex.apis.ApplicationTests
-------------------------------------------------------------------------------
Tests run: 1, Failures: 0, Errors: 1, Skipped: 0, Time elapsed: 0.496 s <<< FAILURE! - in com.twinzom.apex.apis.ApplicationTests
initializationError(com.twinzom.apex.apis.ApplicationTests)  Time elapsed: 0.008 s  <<< ERROR!
java.lang.IllegalStateException: Unable to find a @SpringBootConfiguration, you need to use @ContextConfiguration or @SpringBootTest(classes=...) with your test

